<?xml version="1.0" encoding="UTF-8"?>
<!-- Generated by org.testng.reporters.JUnitReportReporter -->
<testsuite hostname="DESKTOP-A0FS3MO" failures="0" tests="3" name="Tests.TC02_LandingTest" time="23.526" errors="0" timestamp="2024-03-10T02:48:45 EET" skipped="0">
  <testcase classname="Tests.TC02_LandingTest" name="addingRandomProductsToCartTC" time="8.382"/>
  <testcase classname="Tests.TC02_LandingTest" name="checkingNumberOfSelectedProductsTC" time="7.445"/>
  <testcase classname="Tests.TC02_LandingTest" name="clickOnCartIcon" time="7.699"/>
</testsuite> <!-- Tests.TC02_LandingTest -->
