<?xml version="1.0" encoding="UTF-8"?>
<!-- Generated by org.testng.reporters.JUnitReportReporter -->
<testsuite hostname="DESKTOP-A0FS3MO" failures="0" tests="1" name="Tests.TC06_FinishingOrderTest" time="9.268" errors="0" timestamp="2024-03-10T02:48:45 EET" skipped="0">
  <testcase classname="Tests.TC06_FinishingOrderTest" name="finishOrderTC" time="9.268"/>
</testsuite> <!-- Tests.TC06_FinishingOrderTest -->
