<?xml version="1.0" encoding="UTF-8"?>
<!-- Generated by org.testng.reporters.JUnitReportReporter -->
<testsuite hostname="DESKTOP-A0FS3MO" failures="0" tests="1" name="Tests.TC01_LoginTest" time="17.627" errors="0" timestamp="2024-03-10T02:48:45 EET" skipped="0">
  <testcase classname="Tests.TC01_LoginTest" name="validLoginTC" time="17.627"/>
</testsuite> <!-- Tests.TC01_LoginTest -->
