<?xml version="1.0" encoding="UTF-8"?>
<!-- Generated by org.testng.reporters.JUnitReportReporter -->
<testsuite hostname="DESKTOP-A0FS3MO" failures="0" tests="1" name="Tests.TC04_CheckoutTest" time="7.776" errors="0" timestamp="2024-03-10T02:48:45 EET" skipped="0">
  <testcase classname="Tests.TC04_CheckoutTest" name="checkoutStepOneTC" time="7.776"/>
</testsuite> <!-- Tests.TC04_CheckoutTest -->
