<?xml version="1.0" encoding="UTF-8"?>
<!-- Generated by org.testng.reporters.JUnitReportReporter -->
<testsuite hostname="DESKTOP-A0FS3MO" failures="0" tests="1" name="Tests.TC05_OverviewTest" time="8.018" errors="0" timestamp="2024-03-10T02:48:45 EET" skipped="0">
  <testcase classname="Tests.TC05_OverviewTest" name="checkoutStepTwoTC" time="8.018"/>
</testsuite> <!-- Tests.TC05_OverviewTest -->
