<?xml version="1.0" encoding="UTF-8"?>
<testsuite xmlns:xsi="http://www.w3.org/2001/XMLSchema-instance" xsi:noNamespaceSchemaLocation="https://maven.apache.org/surefire/maven-surefire-plugin/xsd/surefire-test-report-3.0.xsd" version="3.0" name="TestSuite" time="83.987" tests="8" errors="0" skipped="0" failures="0">
  <properties>
    <property name="java.specification.version" value="21"/>
    <property name="sun.cpu.isalist" value="amd64"/>
    <property name="sun.jnu.encoding" value="Cp1252"/>
    <property name="java.class.path" value="F:\MyApps\Autoamtion Jan Round\SwagLabsAutomationProject\test-outputs\target\test-classes;F:\MyApps\Autoamtion Jan Round\SwagLabsAutomationProject\test-outputs\target\classes;C:\Users\ahmed\.m2\repository\org\aspectj\aspectjweaver\1.9.21.1\aspectjweaver-1.9.21.1.jar;C:\Users\ahmed\.m2\repository\io\qameta\allure\allure-plugin-api\2.27.0\allure-plugin-api-2.27.0.jar;C:\Users\ahmed\.m2\repository\com\fasterxml\jackson\core\jackson-databind\2.16.1\jackson-databind-2.16.1.jar;C:\Users\ahmed\.m2\repository\com\fasterxml\jackson\core\jackson-annotations\2.16.1\jackson-annotations-2.16.1.jar;C:\Users\ahmed\.m2\repository\com\fasterxml\jackson\core\jackson-core\2.16.1\jackson-core-2.16.1.jar;C:\Users\ahmed\.m2\repository\com\fasterxml\jackson\module\jackson-module-jaxb-annotations\2.16.1\jackson-module-jaxb-annotations-2.16.1.jar;C:\Users\ahmed\.m2\repository\jakarta\xml\bind\jakarta.xml.bind-api\2.3.3\jakarta.xml.bind-api-2.3.3.jar;C:\Users\ahmed\.m2\repository\jakarta\activation\jakarta.activation-api\1.2.2\jakarta.activation-api-1.2.2.jar;C:\Users\ahmed\.m2\repository\com\opencsv\opencsv\4.6\opencsv-4.6.jar;C:\Users\ahmed\.m2\repository\org\apache\commons\commons-text\1.3\commons-text-1.3.jar;C:\Users\ahmed\.m2\repository\commons-beanutils\commons-beanutils\1.9.3\commons-beanutils-1.9.3.jar;C:\Users\ahmed\.m2\repository\commons-logging\commons-logging\1.2\commons-logging-1.2.jar;C:\Users\ahmed\.m2\repository\commons-collections\commons-collections\3.2.2\commons-collections-3.2.2.jar;C:\Users\ahmed\.m2\repository\org\apache\commons\commons-collections4\4.2\commons-collections4-4.2.jar;C:\Users\ahmed\.m2\repository\com\vladsch\flexmark\flexmark\0.62.2\flexmark-0.62.2.jar;C:\Users\ahmed\.m2\repository\com\vladsch\flexmark\flexmark-util-ast\0.62.2\flexmark-util-ast-0.62.2.jar;C:\Users\ahmed\.m2\repository\org\jetbrains\annotations\15.0\annotations-15.0.jar;C:\Users\ahmed\.m2\repository\com\vladsch\flexmark\flexmark-util-builder\0.62.2\flexmark-util-builder-0.62.2.jar;C:\Users\ahmed\.m2\repository\com\vladsch\flexmark\flexmark-util-collection\0.62.2\flexmark-util-collection-0.62.2.jar;C:\Users\ahmed\.m2\repository\com\vladsch\flexmark\flexmark-util-data\0.62.2\flexmark-util-data-0.62.2.jar;C:\Users\ahmed\.m2\repository\com\vladsch\flexmark\flexmark-util-dependency\0.62.2\flexmark-util-dependency-0.62.2.jar;C:\Users\ahmed\.m2\repository\com\vladsch\flexmark\flexmark-util-format\0.62.2\flexmark-util-format-0.62.2.jar;C:\Users\ahmed\.m2\repository\com\vladsch\flexmark\flexmark-util-html\0.62.2\flexmark-util-html-0.62.2.jar;C:\Users\ahmed\.m2\repository\com\vladsch\flexmark\flexmark-util-misc\0.62.2\flexmark-util-misc-0.62.2.jar;C:\Users\ahmed\.m2\repository\com\vladsch\flexmark\flexmark-util-sequence\0.62.2\flexmark-util-sequence-0.62.2.jar;C:\Users\ahmed\.m2\repository\com\vladsch\flexmark\flexmark-util-visitor\0.62.2\flexmark-util-visitor-0.62.2.jar;C:\Users\ahmed\.m2\repository\com\vladsch\flexmark\flexmark-ext-tables\0.62.2\flexmark-ext-tables-0.62.2.jar;C:\Users\ahmed\.m2\repository\com\vladsch\flexmark\flexmark-util\0.62.2\flexmark-util-0.62.2.jar;C:\Users\ahmed\.m2\repository\com\vladsch\flexmark\flexmark-util-options\0.62.2\flexmark-util-options-0.62.2.jar;C:\Users\ahmed\.m2\repository\javax\xml\bind\jaxb-api\2.3.1\jaxb-api-2.3.1.jar;C:\Users\ahmed\.m2\repository\javax\activation\javax.activation-api\1.2.0\javax.activation-api-1.2.0.jar;C:\Users\ahmed\.m2\repository\org\freemarker\freemarker\2.3.32\freemarker-2.3.32.jar;C:\Users\ahmed\.m2\repository\com\assertthat\selenium-shutterbug\1.6\selenium-shutterbug-1.6.jar;C:\Users\ahmed\.m2\repository\com\github\zafarkhaja\java-semver\0.9.0\java-semver-0.9.0.jar;C:\Users\ahmed\.m2\repository\io\github\bonigarcia\webdrivermanager\4.0.0\webdrivermanager-4.0.0.jar;C:\Users\ahmed\.m2\repository\org\apache\httpcomponents\client5\httpclient5\5.0\httpclient5-5.0.jar;C:\Users\ahmed\.m2\repository\org\apache\httpcomponents\core5\httpcore5\5.0\httpcore5-5.0.jar;C:\Users\ahmed\.m2\repository\org\apache\httpcomponents\core5\httpcore5-h2\5.0\httpcore5-h2-5.0.jar;C:\Users\ahmed\.m2\repository\commons-codec\commons-codec\1.13\commons-codec-1.13.jar;C:\Users\ahmed\.m2\repository\org\rauschig\jarchivelib\1.0.0\jarchivelib-1.0.0.jar;C:\Users\ahmed\.m2\repository\org\apache\commons\commons-compress\1.18\commons-compress-1.18.jar;C:\Users\ahmed\.m2\repository\org\jsoup\jsoup\1.13.1\jsoup-1.13.1.jar;C:\Users\ahmed\.m2\repository\com\github\javafaker\javafaker\1.0.2\javafaker-1.0.2.jar;C:\Users\ahmed\.m2\repository\org\apache\commons\commons-lang3\3.5\commons-lang3-3.5.jar;C:\Users\ahmed\.m2\repository\org\yaml\snakeyaml\1.23\snakeyaml-1.23-android.jar;C:\Users\ahmed\.m2\repository\com\github\mifmif\generex\1.0.2\generex-1.0.2.jar;C:\Users\ahmed\.m2\repository\dk\brics\automaton\automaton\1.11-8\automaton-1.11-8.jar;C:\Users\ahmed\.m2\repository\io\qameta\allure\allure-testng\2.25.0\allure-testng-2.25.0.jar;C:\Users\ahmed\.m2\repository\io\qameta\allure\allure-java-commons\2.25.0\allure-java-commons-2.25.0.jar;C:\Users\ahmed\.m2\repository\io\qameta\allure\allure-model\2.25.0\allure-model-2.25.0.jar;C:\Users\ahmed\.m2\repository\io\qameta\allure\allure-test-filter\2.25.0\allure-test-filter-2.25.0.jar;C:\Users\ahmed\.m2\repository\org\apache\logging\log4j\log4j-core\2.23.0\log4j-core-2.23.0.jar;C:\Users\ahmed\.m2\repository\org\apache\logging\log4j\log4j-api\2.23.0\log4j-api-2.23.0.jar;C:\Users\ahmed\.m2\repository\commons-io\commons-io\2.15.0\commons-io-2.15.0.jar;C:\Users\ahmed\.m2\repository\org\slf4j\slf4j-api\2.0.12\slf4j-api-2.0.12.jar;C:\Users\ahmed\.m2\repository\org\seleniumhq\selenium\selenium-java\4.18.1\selenium-java-4.18.1.jar;C:\Users\ahmed\.m2\repository\org\seleniumhq\selenium\selenium-api\4.18.1\selenium-api-4.18.1.jar;C:\Users\ahmed\.m2\repository\org\seleniumhq\selenium\selenium-chrome-driver\4.18.1\selenium-chrome-driver-4.18.1.jar;C:\Users\ahmed\.m2\repository\com\google\auto\service\auto-service-annotations\1.1.1\auto-service-annotations-1.1.1.jar;C:\Users\ahmed\.m2\repository\org\seleniumhq\selenium\selenium-chromium-driver\4.18.1\selenium-chromium-driver-4.18.1.jar;C:\Users\ahmed\.m2\repository\org\seleniumhq\selenium\selenium-json\4.18.1\selenium-json-4.18.1.jar;C:\Users\ahmed\.m2\repository\org\seleniumhq\selenium\selenium-manager\4.18.1\selenium-manager-4.18.1.jar;C:\Users\ahmed\.m2\repository\org\seleniumhq\selenium\selenium-devtools-v120\4.18.1\selenium-devtools-v120-4.18.1.jar;C:\Users\ahmed\.m2\repository\org\seleniumhq\selenium\selenium-devtools-v121\4.18.1\selenium-devtools-v121-4.18.1.jar;C:\Users\ahmed\.m2\repository\org\seleniumhq\selenium\selenium-devtools-v122\4.18.1\selenium-devtools-v122-4.18.1.jar;C:\Users\ahmed\.m2\repository\org\seleniumhq\selenium\selenium-devtools-v85\4.18.1\selenium-devtools-v85-4.18.1.jar;C:\Users\ahmed\.m2\repository\org\seleniumhq\selenium\selenium-edge-driver\4.18.1\selenium-edge-driver-4.18.1.jar;C:\Users\ahmed\.m2\repository\org\seleniumhq\selenium\selenium-firefox-driver\4.18.1\selenium-firefox-driver-4.18.1.jar;C:\Users\ahmed\.m2\repository\org\seleniumhq\selenium\selenium-http\4.18.1\selenium-http-4.18.1.jar;C:\Users\ahmed\.m2\repository\dev\failsafe\failsafe\3.3.2\failsafe-3.3.2.jar;C:\Users\ahmed\.m2\repository\org\seleniumhq\selenium\selenium-ie-driver\4.18.1\selenium-ie-driver-4.18.1.jar;C:\Users\ahmed\.m2\repository\org\seleniumhq\selenium\selenium-remote-driver\4.18.1\selenium-remote-driver-4.18.1.jar;C:\Users\ahmed\.m2\repository\com\google\guava\guava\33.0.0-jre\guava-33.0.0-jre.jar;C:\Users\ahmed\.m2\repository\com\google\guava\failureaccess\1.0.2\failureaccess-1.0.2.jar;C:\Users\ahmed\.m2\repository\com\google\guava\listenablefuture\9999.0-empty-to-avoid-conflict-with-guava\listenablefuture-9999.0-empty-to-avoid-conflict-with-guava.jar;C:\Users\ahmed\.m2\repository\com\google\code\findbugs\jsr305\3.0.2\jsr305-3.0.2.jar;C:\Users\ahmed\.m2\repository\org\checkerframework\checker-qual\3.41.0\checker-qual-3.41.0.jar;C:\Users\ahmed\.m2\repository\com\google\errorprone\error_prone_annotations\2.23.0\error_prone_annotations-2.23.0.jar;C:\Users\ahmed\.m2\repository\com\google\j2objc\j2objc-annotations\2.8\j2objc-annotations-2.8.jar;C:\Users\ahmed\.m2\repository\io\opentelemetry\semconv\opentelemetry-semconv\1.23.1-alpha\opentelemetry-semconv-1.23.1-alpha.jar;C:\Users\ahmed\.m2\repository\io\opentelemetry\opentelemetry-api\1.35.0\opentelemetry-api-1.35.0.jar;C:\Users\ahmed\.m2\repository\io\opentelemetry\opentelemetry-context\1.35.0\opentelemetry-context-1.35.0.jar;C:\Users\ahmed\.m2\repository\io\opentelemetry\opentelemetry-exporter-logging\1.35.0\opentelemetry-exporter-logging-1.35.0.jar;C:\Users\ahmed\.m2\repository\io\opentelemetry\opentelemetry-sdk-common\1.35.0\opentelemetry-sdk-common-1.35.0.jar;C:\Users\ahmed\.m2\repository\io\opentelemetry\opentelemetry-sdk-extension-autoconfigure-spi\1.35.0\opentelemetry-sdk-extension-autoconfigure-spi-1.35.0.jar;C:\Users\ahmed\.m2\repository\io\opentelemetry\opentelemetry-sdk-extension-autoconfigure\1.35.0\opentelemetry-sdk-extension-autoconfigure-1.35.0.jar;C:\Users\ahmed\.m2\repository\io\opentelemetry\opentelemetry-api-events\1.35.0-alpha\opentelemetry-api-events-1.35.0-alpha.jar;C:\Users\ahmed\.m2\repository\io\opentelemetry\opentelemetry-sdk-trace\1.35.0\opentelemetry-sdk-trace-1.35.0.jar;C:\Users\ahmed\.m2\repository\io\opentelemetry\opentelemetry-extension-incubator\1.35.0-alpha\opentelemetry-extension-incubator-1.35.0-alpha.jar;C:\Users\ahmed\.m2\repository\io\opentelemetry\opentelemetry-sdk\1.35.0\opentelemetry-sdk-1.35.0.jar;C:\Users\ahmed\.m2\repository\io\opentelemetry\opentelemetry-sdk-metrics\1.35.0\opentelemetry-sdk-metrics-1.35.0.jar;C:\Users\ahmed\.m2\repository\io\opentelemetry\opentelemetry-sdk-logs\1.35.0\opentelemetry-sdk-logs-1.35.0.jar;C:\Users\ahmed\.m2\repository\net\bytebuddy\byte-buddy\1.14.12\byte-buddy-1.14.12.jar;C:\Users\ahmed\.m2\repository\org\seleniumhq\selenium\selenium-os\4.18.1\selenium-os-4.18.1.jar;C:\Users\ahmed\.m2\repository\org\apache\commons\commons-exec\1.3\commons-exec-1.3.jar;C:\Users\ahmed\.m2\repository\org\seleniumhq\selenium\selenium-safari-driver\4.18.1\selenium-safari-driver-4.18.1.jar;C:\Users\ahmed\.m2\repository\org\seleniumhq\selenium\selenium-support\4.18.1\selenium-support-4.18.1.jar;C:\Users\ahmed\.m2\repository\org\testng\testng\7.9.0\testng-7.9.0.jar;C:\Users\ahmed\.m2\repository\com\beust\jcommander\1.82\jcommander-1.82.jar;C:\Users\ahmed\.m2\repository\org\webjars\jquery\3.7.1\jquery-3.7.1.jar;C:\Users\ahmed\.m2\repository\org\slf4j\slf4j-simple\2.0.12\slf4j-simple-2.0.12.jar;C:\Users\ahmed\.m2\repository\com\google\code\gson\gson\2.10.1\gson-2.10.1.jar;"/>
    <property name="java.vm.vendor" value="Oracle Corporation"/>
    <property name="sun.arch.data.model" value="64"/>
    <property name="user.variant" value=""/>
    <property name="java.vendor.url" value="https://java.oracle.com/"/>
    <property name="user.timezone" value="Africa/Cairo"/>
    <property name="os.name" value="Windows 10"/>
    <property name="java.vm.specification.version" value="21"/>
    <property name="sun.java.launcher" value="SUN_STANDARD"/>
    <property name="user.country" value="US"/>
    <property name="sun.boot.library.path" value="C:\Program Files\Java\jdk-21\bin"/>
    <property name="sun.java.command" value="C:\Users\ahmed\AppData\Local\Temp\surefire17106438157322108167\surefirebooter-20240310024720229_3.jar C:\Users\ahmed\AppData\Local\Temp\surefire17106438157322108167 2024-03-10T02-47-20_056-jvmRun1 surefire-20240310024720229_1tmp surefire_0-20240310024720229_2tmp"/>
    <property name="jdk.debug" value="release"/>
    <property name="surefire.test.class.path" value="F:\MyApps\Autoamtion Jan Round\SwagLabsAutomationProject\test-outputs\target\test-classes;F:\MyApps\Autoamtion Jan Round\SwagLabsAutomationProject\test-outputs\target\classes;C:\Users\ahmed\.m2\repository\org\aspectj\aspectjweaver\1.9.21.1\aspectjweaver-1.9.21.1.jar;C:\Users\ahmed\.m2\repository\io\qameta\allure\allure-plugin-api\2.27.0\allure-plugin-api-2.27.0.jar;C:\Users\ahmed\.m2\repository\com\fasterxml\jackson\core\jackson-databind\2.16.1\jackson-databind-2.16.1.jar;C:\Users\ahmed\.m2\repository\com\fasterxml\jackson\core\jackson-annotations\2.16.1\jackson-annotations-2.16.1.jar;C:\Users\ahmed\.m2\repository\com\fasterxml\jackson\core\jackson-core\2.16.1\jackson-core-2.16.1.jar;C:\Users\ahmed\.m2\repository\com\fasterxml\jackson\module\jackson-module-jaxb-annotations\2.16.1\jackson-module-jaxb-annotations-2.16.1.jar;C:\Users\ahmed\.m2\repository\jakarta\xml\bind\jakarta.xml.bind-api\2.3.3\jakarta.xml.bind-api-2.3.3.jar;C:\Users\ahmed\.m2\repository\jakarta\activation\jakarta.activation-api\1.2.2\jakarta.activation-api-1.2.2.jar;C:\Users\ahmed\.m2\repository\com\opencsv\opencsv\4.6\opencsv-4.6.jar;C:\Users\ahmed\.m2\repository\org\apache\commons\commons-text\1.3\commons-text-1.3.jar;C:\Users\ahmed\.m2\repository\commons-beanutils\commons-beanutils\1.9.3\commons-beanutils-1.9.3.jar;C:\Users\ahmed\.m2\repository\commons-logging\commons-logging\1.2\commons-logging-1.2.jar;C:\Users\ahmed\.m2\repository\commons-collections\commons-collections\3.2.2\commons-collections-3.2.2.jar;C:\Users\ahmed\.m2\repository\org\apache\commons\commons-collections4\4.2\commons-collections4-4.2.jar;C:\Users\ahmed\.m2\repository\com\vladsch\flexmark\flexmark\0.62.2\flexmark-0.62.2.jar;C:\Users\ahmed\.m2\repository\com\vladsch\flexmark\flexmark-util-ast\0.62.2\flexmark-util-ast-0.62.2.jar;C:\Users\ahmed\.m2\repository\org\jetbrains\annotations\15.0\annotations-15.0.jar;C:\Users\ahmed\.m2\repository\com\vladsch\flexmark\flexmark-util-builder\0.62.2\flexmark-util-builder-0.62.2.jar;C:\Users\ahmed\.m2\repository\com\vladsch\flexmark\flexmark-util-collection\0.62.2\flexmark-util-collection-0.62.2.jar;C:\Users\ahmed\.m2\repository\com\vladsch\flexmark\flexmark-util-data\0.62.2\flexmark-util-data-0.62.2.jar;C:\Users\ahmed\.m2\repository\com\vladsch\flexmark\flexmark-util-dependency\0.62.2\flexmark-util-dependency-0.62.2.jar;C:\Users\ahmed\.m2\repository\com\vladsch\flexmark\flexmark-util-format\0.62.2\flexmark-util-format-0.62.2.jar;C:\Users\ahmed\.m2\repository\com\vladsch\flexmark\flexmark-util-html\0.62.2\flexmark-util-html-0.62.2.jar;C:\Users\ahmed\.m2\repository\com\vladsch\flexmark\flexmark-util-misc\0.62.2\flexmark-util-misc-0.62.2.jar;C:\Users\ahmed\.m2\repository\com\vladsch\flexmark\flexmark-util-sequence\0.62.2\flexmark-util-sequence-0.62.2.jar;C:\Users\ahmed\.m2\repository\com\vladsch\flexmark\flexmark-util-visitor\0.62.2\flexmark-util-visitor-0.62.2.jar;C:\Users\ahmed\.m2\repository\com\vladsch\flexmark\flexmark-ext-tables\0.62.2\flexmark-ext-tables-0.62.2.jar;C:\Users\ahmed\.m2\repository\com\vladsch\flexmark\flexmark-util\0.62.2\flexmark-util-0.62.2.jar;C:\Users\ahmed\.m2\repository\com\vladsch\flexmark\flexmark-util-options\0.62.2\flexmark-util-options-0.62.2.jar;C:\Users\ahmed\.m2\repository\javax\xml\bind\jaxb-api\2.3.1\jaxb-api-2.3.1.jar;C:\Users\ahmed\.m2\repository\javax\activation\javax.activation-api\1.2.0\javax.activation-api-1.2.0.jar;C:\Users\ahmed\.m2\repository\org\freemarker\freemarker\2.3.32\freemarker-2.3.32.jar;C:\Users\ahmed\.m2\repository\com\assertthat\selenium-shutterbug\1.6\selenium-shutterbug-1.6.jar;C:\Users\ahmed\.m2\repository\com\github\zafarkhaja\java-semver\0.9.0\java-semver-0.9.0.jar;C:\Users\ahmed\.m2\repository\io\github\bonigarcia\webdrivermanager\4.0.0\webdrivermanager-4.0.0.jar;C:\Users\ahmed\.m2\repository\org\apache\httpcomponents\client5\httpclient5\5.0\httpclient5-5.0.jar;C:\Users\ahmed\.m2\repository\org\apache\httpcomponents\core5\httpcore5\5.0\httpcore5-5.0.jar;C:\Users\ahmed\.m2\repository\org\apache\httpcomponents\core5\httpcore5-h2\5.0\httpcore5-h2-5.0.jar;C:\Users\ahmed\.m2\repository\commons-codec\commons-codec\1.13\commons-codec-1.13.jar;C:\Users\ahmed\.m2\repository\org\rauschig\jarchivelib\1.0.0\jarchivelib-1.0.0.jar;C:\Users\ahmed\.m2\repository\org\apache\commons\commons-compress\1.18\commons-compress-1.18.jar;C:\Users\ahmed\.m2\repository\org\jsoup\jsoup\1.13.1\jsoup-1.13.1.jar;C:\Users\ahmed\.m2\repository\com\github\javafaker\javafaker\1.0.2\javafaker-1.0.2.jar;C:\Users\ahmed\.m2\repository\org\apache\commons\commons-lang3\3.5\commons-lang3-3.5.jar;C:\Users\ahmed\.m2\repository\org\yaml\snakeyaml\1.23\snakeyaml-1.23-android.jar;C:\Users\ahmed\.m2\repository\com\github\mifmif\generex\1.0.2\generex-1.0.2.jar;C:\Users\ahmed\.m2\repository\dk\brics\automaton\automaton\1.11-8\automaton-1.11-8.jar;C:\Users\ahmed\.m2\repository\io\qameta\allure\allure-testng\2.25.0\allure-testng-2.25.0.jar;C:\Users\ahmed\.m2\repository\io\qameta\allure\allure-java-commons\2.25.0\allure-java-commons-2.25.0.jar;C:\Users\ahmed\.m2\repository\io\qameta\allure\allure-model\2.25.0\allure-model-2.25.0.jar;C:\Users\ahmed\.m2\repository\io\qameta\allure\allure-test-filter\2.25.0\allure-test-filter-2.25.0.jar;C:\Users\ahmed\.m2\repository\org\apache\logging\log4j\log4j-core\2.23.0\log4j-core-2.23.0.jar;C:\Users\ahmed\.m2\repository\org\apache\logging\log4j\log4j-api\2.23.0\log4j-api-2.23.0.jar;C:\Users\ahmed\.m2\repository\commons-io\commons-io\2.15.0\commons-io-2.15.0.jar;C:\Users\ahmed\.m2\repository\org\slf4j\slf4j-api\2.0.12\slf4j-api-2.0.12.jar;C:\Users\ahmed\.m2\repository\org\seleniumhq\selenium\selenium-java\4.18.1\selenium-java-4.18.1.jar;C:\Users\ahmed\.m2\repository\org\seleniumhq\selenium\selenium-api\4.18.1\selenium-api-4.18.1.jar;C:\Users\ahmed\.m2\repository\org\seleniumhq\selenium\selenium-chrome-driver\4.18.1\selenium-chrome-driver-4.18.1.jar;C:\Users\ahmed\.m2\repository\com\google\auto\service\auto-service-annotations\1.1.1\auto-service-annotations-1.1.1.jar;C:\Users\ahmed\.m2\repository\org\seleniumhq\selenium\selenium-chromium-driver\4.18.1\selenium-chromium-driver-4.18.1.jar;C:\Users\ahmed\.m2\repository\org\seleniumhq\selenium\selenium-json\4.18.1\selenium-json-4.18.1.jar;C:\Users\ahmed\.m2\repository\org\seleniumhq\selenium\selenium-manager\4.18.1\selenium-manager-4.18.1.jar;C:\Users\ahmed\.m2\repository\org\seleniumhq\selenium\selenium-devtools-v120\4.18.1\selenium-devtools-v120-4.18.1.jar;C:\Users\ahmed\.m2\repository\org\seleniumhq\selenium\selenium-devtools-v121\4.18.1\selenium-devtools-v121-4.18.1.jar;C:\Users\ahmed\.m2\repository\org\seleniumhq\selenium\selenium-devtools-v122\4.18.1\selenium-devtools-v122-4.18.1.jar;C:\Users\ahmed\.m2\repository\org\seleniumhq\selenium\selenium-devtools-v85\4.18.1\selenium-devtools-v85-4.18.1.jar;C:\Users\ahmed\.m2\repository\org\seleniumhq\selenium\selenium-edge-driver\4.18.1\selenium-edge-driver-4.18.1.jar;C:\Users\ahmed\.m2\repository\org\seleniumhq\selenium\selenium-firefox-driver\4.18.1\selenium-firefox-driver-4.18.1.jar;C:\Users\ahmed\.m2\repository\org\seleniumhq\selenium\selenium-http\4.18.1\selenium-http-4.18.1.jar;C:\Users\ahmed\.m2\repository\dev\failsafe\failsafe\3.3.2\failsafe-3.3.2.jar;C:\Users\ahmed\.m2\repository\org\seleniumhq\selenium\selenium-ie-driver\4.18.1\selenium-ie-driver-4.18.1.jar;C:\Users\ahmed\.m2\repository\org\seleniumhq\selenium\selenium-remote-driver\4.18.1\selenium-remote-driver-4.18.1.jar;C:\Users\ahmed\.m2\repository\com\google\guava\guava\33.0.0-jre\guava-33.0.0-jre.jar;C:\Users\ahmed\.m2\repository\com\google\guava\failureaccess\1.0.2\failureaccess-1.0.2.jar;C:\Users\ahmed\.m2\repository\com\google\guava\listenablefuture\9999.0-empty-to-avoid-conflict-with-guava\listenablefuture-9999.0-empty-to-avoid-conflict-with-guava.jar;C:\Users\ahmed\.m2\repository\com\google\code\findbugs\jsr305\3.0.2\jsr305-3.0.2.jar;C:\Users\ahmed\.m2\repository\org\checkerframework\checker-qual\3.41.0\checker-qual-3.41.0.jar;C:\Users\ahmed\.m2\repository\com\google\errorprone\error_prone_annotations\2.23.0\error_prone_annotations-2.23.0.jar;C:\Users\ahmed\.m2\repository\com\google\j2objc\j2objc-annotations\2.8\j2objc-annotations-2.8.jar;C:\Users\ahmed\.m2\repository\io\opentelemetry\semconv\opentelemetry-semconv\1.23.1-alpha\opentelemetry-semconv-1.23.1-alpha.jar;C:\Users\ahmed\.m2\repository\io\opentelemetry\opentelemetry-api\1.35.0\opentelemetry-api-1.35.0.jar;C:\Users\ahmed\.m2\repository\io\opentelemetry\opentelemetry-context\1.35.0\opentelemetry-context-1.35.0.jar;C:\Users\ahmed\.m2\repository\io\opentelemetry\opentelemetry-exporter-logging\1.35.0\opentelemetry-exporter-logging-1.35.0.jar;C:\Users\ahmed\.m2\repository\io\opentelemetry\opentelemetry-sdk-common\1.35.0\opentelemetry-sdk-common-1.35.0.jar;C:\Users\ahmed\.m2\repository\io\opentelemetry\opentelemetry-sdk-extension-autoconfigure-spi\1.35.0\opentelemetry-sdk-extension-autoconfigure-spi-1.35.0.jar;C:\Users\ahmed\.m2\repository\io\opentelemetry\opentelemetry-sdk-extension-autoconfigure\1.35.0\opentelemetry-sdk-extension-autoconfigure-1.35.0.jar;C:\Users\ahmed\.m2\repository\io\opentelemetry\opentelemetry-api-events\1.35.0-alpha\opentelemetry-api-events-1.35.0-alpha.jar;C:\Users\ahmed\.m2\repository\io\opentelemetry\opentelemetry-sdk-trace\1.35.0\opentelemetry-sdk-trace-1.35.0.jar;C:\Users\ahmed\.m2\repository\io\opentelemetry\opentelemetry-extension-incubator\1.35.0-alpha\opentelemetry-extension-incubator-1.35.0-alpha.jar;C:\Users\ahmed\.m2\repository\io\opentelemetry\opentelemetry-sdk\1.35.0\opentelemetry-sdk-1.35.0.jar;C:\Users\ahmed\.m2\repository\io\opentelemetry\opentelemetry-sdk-metrics\1.35.0\opentelemetry-sdk-metrics-1.35.0.jar;C:\Users\ahmed\.m2\repository\io\opentelemetry\opentelemetry-sdk-logs\1.35.0\opentelemetry-sdk-logs-1.35.0.jar;C:\Users\ahmed\.m2\repository\net\bytebuddy\byte-buddy\1.14.12\byte-buddy-1.14.12.jar;C:\Users\ahmed\.m2\repository\org\seleniumhq\selenium\selenium-os\4.18.1\selenium-os-4.18.1.jar;C:\Users\ahmed\.m2\repository\org\apache\commons\commons-exec\1.3\commons-exec-1.3.jar;C:\Users\ahmed\.m2\repository\org\seleniumhq\selenium\selenium-safari-driver\4.18.1\selenium-safari-driver-4.18.1.jar;C:\Users\ahmed\.m2\repository\org\seleniumhq\selenium\selenium-support\4.18.1\selenium-support-4.18.1.jar;C:\Users\ahmed\.m2\repository\org\testng\testng\7.9.0\testng-7.9.0.jar;C:\Users\ahmed\.m2\repository\com\beust\jcommander\1.82\jcommander-1.82.jar;C:\Users\ahmed\.m2\repository\org\webjars\jquery\3.7.1\jquery-3.7.1.jar;C:\Users\ahmed\.m2\repository\org\slf4j\slf4j-simple\2.0.12\slf4j-simple-2.0.12.jar;C:\Users\ahmed\.m2\repository\com\google\code\gson\gson\2.10.1\gson-2.10.1.jar;"/>
    <property name="sun.cpu.endian" value="little"/>
    <property name="user.home" value="C:\Users\ahmed"/>
    <property name="user.language" value="en"/>
    <property name="java.specification.vendor" value="Oracle Corporation"/>
    <property name="java.version.date" value="2023-10-17"/>
    <property name="java.home" value="C:\Program Files\Java\jdk-21"/>
    <property name="file.separator" value="\"/>
    <property name="basedir" value="F:\MyApps\Autoamtion Jan Round\SwagLabsAutomationProject"/>
    <property name="java.vm.compressedOopsMode" value="32-bit"/>
    <property name="line.separator" value="&#10;"/>
    <property name="java.vm.specification.vendor" value="Oracle Corporation"/>
    <property name="java.specification.name" value="Java Platform API Specification"/>
    <property name="surefire.real.class.path" value="C:\Users\ahmed\AppData\Local\Temp\surefire17106438157322108167\surefirebooter-20240310024720229_3.jar"/>
    <property name="user.script" value=""/>
    <property name="sun.management.compiler" value="HotSpot 64-Bit Tiered Compilers"/>
    <property name="java.runtime.version" value="21.0.1+12-LTS-29"/>
    <property name="user.name" value="ahmed"/>
    <property name="stdout.encoding" value="Cp1252"/>
    <property name="path.separator" value=";"/>
    <property name="os.version" value="10.0"/>
    <property name="java.runtime.name" value="Java(TM) SE Runtime Environment"/>
    <property name="file.encoding" value="UTF-8"/>
    <property name="browser" value="edge"/>
    <property name="java.vm.name" value="Java HotSpot(TM) 64-Bit Server VM"/>
    <property name="localRepository" value="C:\Users\ahmed\.m2\repository"/>
    <property name="java.vendor.url.bug" value="https://bugreport.java.com/bugreport/"/>
    <property name="java.io.tmpdir" value="C:\Users\ahmed\AppData\Local\Temp\"/>
    <property name="java.version" value="21.0.1"/>
    <property name="user.dir" value="F:\MyApps\Autoamtion Jan Round\SwagLabsAutomationProject"/>
    <property name="os.arch" value="amd64"/>
    <property name="java.vm.specification.name" value="Java Virtual Machine Specification"/>
    <property name="sun.os.patch.level" value=""/>
    <property name="native.encoding" value="Cp1252"/>
    <property name="java.library.path" value="C:\Program Files\Java\jdk-21\bin;C:\Windows\Sun\Java\bin;C:\Windows\system32;C:\Windows;C:\Program Files\Git\mingw64\bin;C:\Program Files\Git\usr\bin;C:\Users\ahmed\bin;C:\Program Files\Common Files\Oracle\Java\javapath;C:\Program Files (x86)\Common Files\Oracle\Java\javapath;C:\Windows\system32;C:\Windows;C:\Windows\System32\Wbem;C:\Windows\System32\WindowsPowerShell\v1.0;C:\Windows\System32\OpenSSH;C:\Program Files\NVIDIA Corporation\NVIDIA NvDLISR;C:\Program Files\nodejs;C:\Program Files\Java\jdk-21;C:\Program Files\Git\cmd;C:\Program Files\apache-maven-3.9.6\bin;C:\Users\ahmed\scoop\shims;C:\Users\ahmed\AppData\Local\Programs\Python\Python312\Scripts;C:\Users\ahmed\AppData\Local\Programs\Python\Python312;C:\Users\ahmed\AppData\Local\Programs\Python\Launcher;C:\Users\ahmed\AppData\Local\Microsoft\WindowsApps;C:\Program Files\JetBrains\IntelliJ IDEA Community Edition 2023.3.2\bin;C:\Users\ahmed\AppData\Roaming\npm;C:\Users\ahmed\AppData\Local\Programs\Microsoft VS Code\bin;."/>
    <property name="java.vm.info" value="mixed mode, sharing"/>
    <property name="stderr.encoding" value="Cp1252"/>
    <property name="java.vendor" value="Oracle Corporation"/>
    <property name="java.vm.version" value="21.0.1+12-LTS-29"/>
    <property name="sun.io.unicode.encoding" value="UnicodeLittle"/>
    <property name="java.class.version" value="65.0"/>
  </properties>
  <testcase name="validLoginTC" classname="Tests.TC01_LoginTest" time="0.547">
    <system-out><![CDATA[[INFO] 10-03-2024 02:47:25 [main] [Tests.TC01_LoginTest.setup(TC01_LoginTest.java:30)]  - edge
[INFO] 10-03-2024 02:47:37 [main] [Tests.TC01_LoginTest.setup(TC01_LoginTest.java:32)]  - edge driver is opened
[INFO] 10-03-2024 02:47:40 [main] [Tests.TC01_LoginTest.setup(TC01_LoginTest.java:34)]  - Page is redirected to the URL
[INFO] 10-03-2024 02:47:40 [main] [Listeners.IInvokedMethodListenerClass.afterInvocation(IInvokedMethodListenerClass.java:31)]  - Test Case setup passed
[INFO] 10-03-2024 02:47:40 [main] [Listeners.ITestResultListenerClass.onTestStart(ITestResultListenerClass.java:9)]  - Test Case validLoginTC started
[INFO] 10-03-2024 02:47:41 [main] [Listeners.IInvokedMethodListenerClass.afterInvocation(IInvokedMethodListenerClass.java:31)]  - Test Case validLoginTC passed
]]></system-out>
  </testcase>
  <testcase name="addingRandomProductsToCartTC" classname="Tests.TC02_LandingTest" time="0.702">
    <system-out><![CDATA[[INFO] 10-03-2024 02:47:42 [main] [Listeners.IInvokedMethodListenerClass.afterInvocation(IInvokedMethodListenerClass.java:31)]  - Test Case quit passed
[INFO] 10-03-2024 02:47:42 [main] [Tests.TC02_LandingTest.login(TC02_LandingTest.java:30)]  - edge
[INFO] 10-03-2024 02:47:46 [main] [Tests.TC02_LandingTest.login(TC02_LandingTest.java:32)]  - Edge driver is opened
[INFO] 10-03-2024 02:47:47 [main] [Tests.TC02_LandingTest.login(TC02_LandingTest.java:34)]  - Page is redirected to the URL
[INFO] 10-03-2024 02:47:50 [main] [Listeners.IInvokedMethodListenerClass.afterInvocation(IInvokedMethodListenerClass.java:31)]  - Test Case login passed
[INFO] 10-03-2024 02:47:50 [main] [Tests.TC02_LandingTest.setup(TC02_LandingTest.java:48)]  - edge
[INFO] 10-03-2024 02:47:53 [main] [Tests.TC02_LandingTest.setup(TC02_LandingTest.java:50)]  - Edge driver is opened
[INFO] 10-03-2024 02:47:54 [main] [Tests.TC02_LandingTest.setup(TC02_LandingTest.java:52)]  - Page is redirected to the URL
[INFO] 10-03-2024 02:47:55 [main] [Listeners.IInvokedMethodListenerClass.afterInvocation(IInvokedMethodListenerClass.java:31)]  - Test Case setup passed
[INFO] 10-03-2024 02:47:55 [main] [Listeners.ITestResultListenerClass.onTestStart(ITestResultListenerClass.java:9)]  - Test Case addingRandomProductsToCartTC started
[INFO] 10-03-2024 02:47:55 [main] [Pages.P02_LandingPage.addRandomProducts(P02_LandingPage.java:65)]  - randomNumber 1
[INFO] 10-03-2024 02:47:55 [main] [Pages.P02_LandingPage.addRandomProducts(P02_LandingPage.java:65)]  - randomNumber 2
[INFO] 10-03-2024 02:47:56 [main] [Pages.P02_LandingPage.addRandomProducts(P02_LandingPage.java:65)]  - randomNumber 3
[INFO] 10-03-2024 02:47:56 [main] [Pages.P02_LandingPage.getNumberOfProductsOnCartIcon(P02_LandingPage.java:43)]  - number of products on cart: 3
[INFO] 10-03-2024 02:47:56 [main] [Pages.P02_LandingPage.getNumberOfSelectedProducts(P02_LandingPage.java:54)]  - selected products: 3
[INFO] 10-03-2024 02:47:56 [main] [Listeners.IInvokedMethodListenerClass.afterInvocation(IInvokedMethodListenerClass.java:31)]  - Test Case addingRandomProductsToCartTC passed
]]></system-out>
  </testcase>
  <testcase name="checkingNumberOfSelectedProductsTC" classname="Tests.TC02_LandingTest" time="0.597">
    <system-out><![CDATA[[INFO] 10-03-2024 02:47:57 [main] [Listeners.IInvokedMethodListenerClass.afterInvocation(IInvokedMethodListenerClass.java:31)]  - Test Case quit passed
[INFO] 10-03-2024 02:47:57 [main] [Tests.TC02_LandingTest.setup(TC02_LandingTest.java:48)]  - edge
[INFO] 10-03-2024 02:48:01 [main] [Tests.TC02_LandingTest.setup(TC02_LandingTest.java:50)]  - Edge driver is opened
[INFO] 10-03-2024 02:48:02 [main] [Tests.TC02_LandingTest.setup(TC02_LandingTest.java:52)]  - Page is redirected to the URL
[INFO] 10-03-2024 02:48:03 [main] [Listeners.IInvokedMethodListenerClass.afterInvocation(IInvokedMethodListenerClass.java:31)]  - Test Case setup passed
[INFO] 10-03-2024 02:48:03 [main] [Listeners.ITestResultListenerClass.onTestStart(ITestResultListenerClass.java:9)]  - Test Case checkingNumberOfSelectedProductsTC started
[INFO] 10-03-2024 02:48:03 [main] [Pages.P02_LandingPage.addAllProductsToCart(P02_LandingPage.java:33)]  - number of all products: 6
[INFO] 10-03-2024 02:48:04 [main] [Pages.P02_LandingPage.getNumberOfProductsOnCartIcon(P02_LandingPage.java:43)]  - number of products on cart: 6
[INFO] 10-03-2024 02:48:04 [main] [Pages.P02_LandingPage.getNumberOfSelectedProducts(P02_LandingPage.java:54)]  - selected products: 6
[INFO] 10-03-2024 02:48:04 [main] [Listeners.IInvokedMethodListenerClass.afterInvocation(IInvokedMethodListenerClass.java:31)]  - Test Case checkingNumberOfSelectedProductsTC passed
]]></system-out>
  </testcase>
  <testcase name="clickOnCartIcon" classname="Tests.TC02_LandingTest" time="0.265">
    <system-out><![CDATA[[INFO] 10-03-2024 02:48:05 [main] [Listeners.IInvokedMethodListenerClass.afterInvocation(IInvokedMethodListenerClass.java:31)]  - Test Case quit passed
[INFO] 10-03-2024 02:48:05 [main] [Tests.TC02_LandingTest.setup(TC02_LandingTest.java:48)]  - edge
[INFO] 10-03-2024 02:48:09 [main] [Tests.TC02_LandingTest.setup(TC02_LandingTest.java:50)]  - Edge driver is opened
[INFO] 10-03-2024 02:48:10 [main] [Tests.TC02_LandingTest.setup(TC02_LandingTest.java:52)]  - Page is redirected to the URL
[INFO] 10-03-2024 02:48:11 [main] [Listeners.IInvokedMethodListenerClass.afterInvocation(IInvokedMethodListenerClass.java:31)]  - Test Case setup passed
[INFO] 10-03-2024 02:48:11 [main] [Listeners.ITestResultListenerClass.onTestStart(ITestResultListenerClass.java:9)]  - Test Case clickOnCartIcon started
[INFO] 10-03-2024 02:48:12 [main] [Listeners.IInvokedMethodListenerClass.afterInvocation(IInvokedMethodListenerClass.java:31)]  - Test Case clickOnCartIcon passed
]]></system-out>
  </testcase>
  <testcase name="comparingPricesTC" classname="Tests.TC03_CartTest" time="1.426">
    <system-out><![CDATA[[INFO] 10-03-2024 02:48:13 [main] [Listeners.IInvokedMethodListenerClass.afterInvocation(IInvokedMethodListenerClass.java:31)]  - Test Case quit passed
[INFO] 10-03-2024 02:48:13 [main] [Listeners.IInvokedMethodListenerClass.afterInvocation(IInvokedMethodListenerClass.java:31)]  - Test Case deleteSession passed
[INFO] 10-03-2024 02:48:13 [main] [Tests.TC03_CartTest.setup(TC03_CartTest.java:30)]  - edge
[INFO] 10-03-2024 02:48:16 [main] [Tests.TC03_CartTest.setup(TC03_CartTest.java:32)]  - Edge driver is opened
[INFO] 10-03-2024 02:48:17 [main] [Tests.TC03_CartTest.setup(TC03_CartTest.java:34)]  - Page is redirected to the URL
[INFO] 10-03-2024 02:48:17 [main] [Listeners.IInvokedMethodListenerClass.afterInvocation(IInvokedMethodListenerClass.java:31)]  - Test Case setup passed
[INFO] 10-03-2024 02:48:17 [main] [Listeners.ITestResultListenerClass.onTestStart(ITestResultListenerClass.java:9)]  - Test Case comparingPricesTC started
[INFO] 10-03-2024 02:48:18 [main] [Pages.P02_LandingPage.addRandomProducts(P02_LandingPage.java:65)]  - randomNumber 2
[INFO] 10-03-2024 02:48:18 [main] [Pages.P02_LandingPage.addRandomProducts(P02_LandingPage.java:65)]  - randomNumber 3
[INFO] 10-03-2024 02:48:19 [main] [Pages.P02_LandingPage.getTotalPriceOfSelectedProducts(P02_LandingPage.java:90)]  - Total Price 25.98
[INFO] 10-03-2024 02:48:19 [main] [Pages.P03_CartPage.getTotalPrice(P03_CartPage.java:31)]  - Total Price 25.98
[INFO] 10-03-2024 02:48:19 [main] [Listeners.IInvokedMethodListenerClass.afterInvocation(IInvokedMethodListenerClass.java:31)]  - Test Case comparingPricesTC passed
]]></system-out>
  </testcase>
  <testcase name="checkoutStepOneTC" classname="Tests.TC04_CheckoutTest" time="2.195">
    <system-out><![CDATA[[INFO] 10-03-2024 02:48:20 [main] [Listeners.IInvokedMethodListenerClass.afterInvocation(IInvokedMethodListenerClass.java:31)]  - Test Case quit passed
[INFO] 10-03-2024 02:48:20 [main] [Tests.TC04_CheckoutTest.setup(TC04_CheckoutTest.java:36)]  - edge
[INFO] 10-03-2024 02:48:23 [main] [Tests.TC04_CheckoutTest.setup(TC04_CheckoutTest.java:38)]  - Edge driver is opened
[INFO] 10-03-2024 02:48:24 [main] [Tests.TC04_CheckoutTest.setup(TC04_CheckoutTest.java:40)]  - Page is redirected to the URL
[INFO] 10-03-2024 02:48:24 [main] [Listeners.IInvokedMethodListenerClass.afterInvocation(IInvokedMethodListenerClass.java:31)]  - Test Case setup passed
[INFO] 10-03-2024 02:48:24 [main] [Listeners.ITestResultListenerClass.onTestStart(ITestResultListenerClass.java:9)]  - Test Case checkoutStepOneTC started
[INFO] 10-03-2024 02:48:25 [main] [Pages.P02_LandingPage.addRandomProducts(P02_LandingPage.java:65)]  - randomNumber 4
[INFO] 10-03-2024 02:48:25 [main] [Pages.P02_LandingPage.addRandomProducts(P02_LandingPage.java:65)]  - randomNumber 6
[INFO] 10-03-2024 02:48:27 [main] [Tests.TC04_CheckoutTest.checkoutStepOneTC(TC04_CheckoutTest.java:60)]  - fTest-2024-03-10-02-47-24AM lTest-2024-03-10-02-47-24AM 33189
[INFO] 10-03-2024 02:48:27 [main] [Listeners.IInvokedMethodListenerClass.afterInvocation(IInvokedMethodListenerClass.java:31)]  - Test Case checkoutStepOneTC passed
]]></system-out>
  </testcase>
  <testcase name="checkoutStepTwoTC" classname="Tests.TC05_OverviewTest" time="2.175">
    <system-out><![CDATA[[INFO] 10-03-2024 02:48:28 [main] [Listeners.IInvokedMethodListenerClass.afterInvocation(IInvokedMethodListenerClass.java:31)]  - Test Case quit passed
[INFO] 10-03-2024 02:48:28 [main] [Tests.TC05_OverviewTest.setup(TC05_OverviewTest.java:33)]  - edge
[INFO] 10-03-2024 02:48:32 [main] [Tests.TC05_OverviewTest.setup(TC05_OverviewTest.java:35)]  - Edge driver is opened
[INFO] 10-03-2024 02:48:32 [main] [Tests.TC05_OverviewTest.setup(TC05_OverviewTest.java:37)]  - Page is redirected to the URL
[INFO] 10-03-2024 02:48:32 [main] [Listeners.IInvokedMethodListenerClass.afterInvocation(IInvokedMethodListenerClass.java:31)]  - Test Case setup passed
[INFO] 10-03-2024 02:48:32 [main] [Listeners.ITestResultListenerClass.onTestStart(ITestResultListenerClass.java:9)]  - Test Case checkoutStepTwoTC started
[INFO] 10-03-2024 02:48:33 [main] [Pages.P02_LandingPage.addAllProductsToCart(P02_LandingPage.java:33)]  - number of all products: 6
[INFO] 10-03-2024 02:48:34 [main] [Tests.TC05_OverviewTest.checkoutStepTwoTC(TC05_OverviewTest.java:57)]  - fTest-2024-03-10-02-47-24AM lTest-2024-03-10-02-47-24AM 53017
[INFO] 10-03-2024 02:48:34 [main] [Pages.P05_OverviewPage.calculateTotalPrice(P05_OverviewPage.java:34)]  - Calculated Total Price: 140.34
[INFO] 10-03-2024 02:48:35 [main] [Pages.P05_OverviewPage.getTotal(P05_OverviewPage.java:29)]  - Actual Total Price: 140.34
[INFO] 10-03-2024 02:48:35 [main] [Listeners.IInvokedMethodListenerClass.afterInvocation(IInvokedMethodListenerClass.java:31)]  - Test Case checkoutStepTwoTC passed
]]></system-out>
  </testcase>
  <testcase name="finishOrderTC" classname="Tests.TC06_FinishingOrderTest" time="3.516">
    <system-out><![CDATA[[INFO] 10-03-2024 02:48:36 [main] [Listeners.IInvokedMethodListenerClass.afterInvocation(IInvokedMethodListenerClass.java:31)]  - Test Case quit passed
[INFO] 10-03-2024 02:48:36 [main] [Tests.TC06_FinishingOrderTest.setup(TC06_FinishingOrderTest.java:33)]  - edge
[INFO] 10-03-2024 02:48:40 [main] [Tests.TC06_FinishingOrderTest.setup(TC06_FinishingOrderTest.java:35)]  - Edge driver is opened
[INFO] 10-03-2024 02:48:40 [main] [Tests.TC06_FinishingOrderTest.setup(TC06_FinishingOrderTest.java:37)]  - Page is redirected to the URL
[INFO] 10-03-2024 02:48:40 [main] [Listeners.IInvokedMethodListenerClass.afterInvocation(IInvokedMethodListenerClass.java:31)]  - Test Case setup passed
[INFO] 10-03-2024 02:48:41 [main] [Listeners.ITestResultListenerClass.onTestStart(ITestResultListenerClass.java:9)]  - Test Case finishOrderTC started
[INFO] 10-03-2024 02:48:42 [main] [Pages.P02_LandingPage.addAllProductsToCart(P02_LandingPage.java:33)]  - number of all products: 6
[INFO] 10-03-2024 02:48:44 [main] [Tests.TC06_FinishingOrderTest.finishOrderTC(TC06_FinishingOrderTest.java:57)]  - fTest-2024-03-10-02-47-24AM lTest-2024-03-10-02-47-24AM 05759
[INFO] 10-03-2024 02:48:44 [main] [Listeners.IInvokedMethodListenerClass.afterInvocation(IInvokedMethodListenerClass.java:31)]  - Test Case finishOrderTC passed
]]></system-out>
  </testcase>
</testsuite>